<?xml version="1.0" encoding="UTF-8"?>
<testsuite name="fr.p10.miage.rps.tests.RockPaperScissorsTest" tests="3" skipped="0" failures="0" errors="0" timestamp="2020-11-05T14:05:35" hostname="RAHUL-LAPTOP" time="0.021">
  <properties/>
  <testcase name="testWinPlay[0](PAPER, ROCK)" classname="fr.p10.miage.rps.tests.RockPaperScissorsTest" time="0.012"/>
  <testcase name="testWinPlay[1](ROCK, SCISSORS)" classname="fr.p10.miage.rps.tests.RockPaperScissorsTest" time="0.001"/>
  <testcase name="testWinPlay[2](SCISSORS, PAPER)" classname="fr.p10.miage.rps.tests.RockPaperScissorsTest" time="0.001"/>
  <system-out><![CDATA[]]></system-out>
  <system-err><![CDATA[]]></system-err>
</testsuite>
